2025-07-01 20:26:29,242 - __main__ - INFO - Starting ALEJO Runner...
2025-07-01 20:26:29,244 - __main__ - INFO - No .env file found, using defaults
2025-07-01 20:26:29,244 - __main__ - INFO - Environment setup complete
2025-07-01 20:26:29,244 - __main__ - INFO - Importing core modules...
2025-07-01 20:26:29,245 - __main__ - ERROR - Failed to import core modules: No module named 'alejo'
2025-07-01 20:26:29,245 - __main__ - ERROR - Please make sure you have installed all required dependencies
2025-07-01 20:26:40,526 - __main__ - INFO - Starting ALEJO Runner...
2025-07-01 20:26:40,529 - __main__ - INFO - No .env file found, using defaults
2025-07-01 20:26:40,530 - __main__ - INFO - Environment setup complete
2025-07-01 20:26:40,530 - __main__ - INFO - Importing core modules...
2025-07-01 20:26:40,530 - __main__ - ERROR - Failed to import core modules: No module named 'alejo'
2025-07-01 20:26:40,530 - __main__ - ERROR - Please make sure you have installed all required dependencies
2025-07-01 20:27:00,622 - __main__ - INFO - Starting ALEJO Runner...
2025-07-01 20:27:00,623 - __main__ - INFO - No .env file found, using defaults
2025-07-01 20:27:00,624 - __main__ - INFO - Environment setup complete
2025-07-01 20:27:00,624 - __main__ - INFO - Importing core modules...
2025-07-01 20:27:00,624 - __main__ - ERROR - Failed to import core modules: No module named 'alejo'
2025-07-01 20:27:00,624 - __main__ - ERROR - Please make sure you have installed all required dependencies
2025-07-01 20:27:04,754 - __main__ - INFO - Starting ALEJO Runner...
2025-07-01 20:27:04,755 - __main__ - INFO - No .env file found, using defaults
2025-07-01 20:27:04,756 - __main__ - INFO - Environment setup complete
2025-07-01 20:27:04,756 - __main__ - INFO - Importing core modules...
2025-07-01 20:27:04,756 - __main__ - ERROR - Failed to import core modules: No module named 'alejo'
2025-07-01 20:27:04,756 - __main__ - ERROR - Please make sure you have installed all required dependencies
2025-07-01 20:30:53,115 - __main__ - INFO - Starting ALEJO Runner...
2025-07-01 20:30:53,119 - __main__ - INFO - No .env file found, using defaults
2025-07-01 20:30:53,119 - __main__ - INFO - Environment setup complete
2025-07-01 20:30:53,119 - __main__ - INFO - Importing core modules...
2025-07-01 20:30:53,120 - __main__ - ERROR - Failed to import core modules: No module named 'alejo'
2025-07-01 20:30:53,120 - __main__ - ERROR - Please make sure you have installed all required dependencies
2025-07-01 20:31:32,178 - __main__ - INFO - Starting ALEJO Runner...
2025-07-01 20:31:32,180 - __main__ - INFO - No .env file found, using defaults
2025-07-01 20:31:32,180 - __main__ - INFO - Environment setup complete
2025-07-01 20:31:32,180 - __main__ - INFO - Importing core modules...
2025-07-01 20:31:32,181 - __main__ - ERROR - Failed to import core modules: No module named 'alejo'
2025-07-01 20:31:32,181 - __main__ - ERROR - Please make sure you have installed all required dependencies
2025-07-01 20:32:29,141 - __main__ - INFO - Starting ALEJO Runner...
2025-07-01 20:32:29,143 - __main__ - INFO - No .env file found, using defaults
2025-07-01 20:32:29,143 - __main__ - INFO - Environment setup complete
2025-07-01 20:32:29,143 - __main__ - INFO - Importing core modules...
2025-07-01 20:32:29,144 - __main__ - ERROR - Failed to import core modules: No module named 'alejo'
2025-07-01 20:32:29,144 - __main__ - ERROR - Please make sure you have installed all required dependencies
2025-07-01 20:49:20,356 - __main__ - INFO - Starting ALEJO Runner...
2025-07-01 20:49:20,358 - __main__ - INFO - No .env file found, using defaults
2025-07-01 20:49:20,358 - __main__ - INFO - Environment setup complete
2025-07-01 20:49:20,358 - __main__ - INFO - Importing core modules...
2025-07-01 20:49:20,359 - __main__ - ERROR - Failed to import core modules: No module named 'alejo'
2025-07-01 20:49:20,359 - __main__ - ERROR - Please make sure you have installed all required dependencies
2025-07-01 20:54:40,375 - __main__ - INFO - Starting ALEJO Runner...
2025-07-01 20:54:40,378 - __main__ - INFO - No .env file found, using defaults
2025-07-01 20:54:40,378 - __main__ - INFO - Environment setup complete
2025-07-01 20:54:40,378 - __main__ - INFO - Importing core modules...
2025-07-01 20:54:40,378 - __main__ - ERROR - Failed to import core modules: No module named 'alejo'
2025-07-01 20:54:40,378 - __main__ - ERROR - Please make sure you have installed all required dependencies
