2025-07-01 20:30:52,437 - alejo_production - INFO - ==================================================
2025-07-01 20:30:52,437 - alejo_production - INFO - ALEJO PRODUCTION STARTUP WITH GESTURE SYSTEM
2025-07-01 20:30:52,437 - alejo_production - INFO - ==================================================
2025-07-01 20:30:52,437 - alejo_production - INFO - Checking for ALEJO updates...
2025-07-01 20:30:53,005 - alejo_production - INFO - Update check completed successfully.
2025-07-01 20:30:53,005 - alejo_production - INFO - Setting up environment variables...
2025-07-01 20:30:53,006 - alejo_production - INFO - Environment variables set
2025-07-01 20:30:53,015 - alejo_production - INFO - Starting local services...
2025-07-01 20:30:53,015 - alejo_production - INFO - Starting Redis...
2025-07-01 20:30:53,046 - alejo_production - INFO - Starting main ALEJO system...
2025-07-01 20:31:00,366 - alejo_production - ERROR - Failed to start ALEJO services. Please check the logs for details.
2025-07-01 20:31:32,061 - alejo_production - INFO - ==================================================
2025-07-01 20:31:32,061 - alejo_production - INFO - ALEJO PRODUCTION STARTUP WITH GESTURE SYSTEM
2025-07-01 20:31:32,061 - alejo_production - INFO - ==================================================
2025-07-01 20:31:32,061 - alejo_production - INFO - Setting up environment variables...
2025-07-01 20:31:32,062 - alejo_production - INFO - Environment variables set
2025-07-01 20:31:32,062 - alejo_production - INFO - Starting local services...
2025-07-01 20:31:32,062 - alejo_production - INFO - Starting Redis...
2025-07-01 20:31:32,100 - alejo_production - INFO - [OK] Redis server is already running
2025-07-01 20:31:32,100 - alejo_production - INFO - Starting main ALEJO system...
2025-07-01 20:31:39,400 - alejo_production - ERROR - [FAILED] ALEJO web server failed to start
2025-07-01 20:31:39,400 - alejo_production - ERROR - Failed to start ALEJO services. Please check the logs for details.
2025-07-01 20:32:21,742 - alejo_production - INFO - ==================================================
2025-07-01 20:32:21,742 - alejo_production - INFO - ALEJO PRODUCTION STARTUP WITH GESTURE SYSTEM
2025-07-01 20:32:21,742 - alejo_production - INFO - ==================================================
2025-07-01 20:32:21,742 - alejo_production - INFO - Setting up environment variables...
2025-07-01 20:32:21,743 - alejo_production - INFO - Environment variables set
2025-07-01 20:32:21,743 - alejo_production - INFO - Starting local services...
2025-07-01 20:32:21,743 - alejo_production - INFO - Starting Redis...
2025-07-01 20:32:21,777 - alejo_production - INFO - [OK] Redis server is already running
2025-07-01 20:32:21,777 - alejo_production - INFO - Starting gesture system...
2025-07-01 20:32:29,063 - alejo_production - WARNING - ⚠️ Gesture system may not have started correctly
2025-07-01 20:32:29,063 - alejo_production - INFO - Starting main ALEJO system...
2025-07-01 20:32:36,372 - alejo_production - ERROR - [FAILED] ALEJO web server failed to start
2025-07-01 20:32:36,372 - alejo_production - ERROR - Failed to start ALEJO services. Please check the logs for details.
2025-07-01 20:49:20,223 - alejo_production - INFO - ==================================================
2025-07-01 20:49:20,223 - alejo_production - INFO - ALEJO PRODUCTION STARTUP WITH GESTURE SYSTEM
2025-07-01 20:49:20,223 - alejo_production - INFO - ==================================================
2025-07-01 20:49:20,223 - alejo_production - INFO - Setting up environment variables...
2025-07-01 20:49:20,223 - alejo_production - INFO - Environment variables set
2025-07-01 20:49:20,224 - alejo_production - INFO - Starting local services...
2025-07-01 20:49:20,224 - alejo_production - INFO - Starting Redis...
2025-07-01 20:49:20,283 - alejo_production - INFO - [OK] Redis server is already running
2025-07-01 20:49:20,284 - alejo_production - INFO - Starting main ALEJO system...
2025-07-01 20:49:27,630 - alejo_production - ERROR - [FAILED] ALEJO web server failed to start
2025-07-01 20:49:27,630 - alejo_production - ERROR - Failed to start ALEJO services. Please check the logs for details.
2025-07-01 20:54:32,979 - alejo_production - INFO - ==================================================
2025-07-01 20:54:32,979 - alejo_production - INFO - ALEJO PRODUCTION STARTUP WITH GESTURE SYSTEM
2025-07-01 20:54:32,979 - alejo_production - INFO - ==================================================
2025-07-01 20:54:32,980 - alejo_production - INFO - Setting up environment variables...
2025-07-01 20:54:32,980 - alejo_production - INFO - Environment variables set
2025-07-01 20:54:32,980 - alejo_production - INFO - Starting local services...
2025-07-01 20:54:32,980 - alejo_production - INFO - Starting Redis...
2025-07-01 20:54:33,019 - alejo_production - INFO - [OK] Redis server is already running
2025-07-01 20:54:33,019 - alejo_production - INFO - Starting gesture system...
2025-07-01 20:54:40,299 - alejo_production - WARNING - ⚠️ Gesture system may not have started correctly
2025-07-01 20:54:40,299 - alejo_production - INFO - Starting main ALEJO system...
2025-07-01 20:54:47,368 - alejo_production - INFO - Startup interrupted by user.
