2025-06-30 23:52:21,057 - alejo.update_manager - INFO - Pulling latest changes from repository
2025-06-30 23:52:21,058 - alejo.update_manager - ERROR - Error pulling updates: Failed to pull
2025-06-30 23:52:21,062 - alejo.update_manager - INFO - Pulling latest changes from repository
2025-06-30 23:52:21,063 - alejo.update_manager - INFO - Updating dependencies
2025-06-30 23:52:21,063 - alejo.update_manager - INFO - Update completed successfully
2025-06-30 23:52:21,068 - alejo.update_manager - INFO - Backing up current ALEJO installation to C:\Users\magic\AppData\Local\Temp\alejo_backup_h5jwy8dw
2025-06-30 23:52:21,083 - alejo.update_manager - INFO - Restoring ALEJO from backup C:\Users\magic\AppData\Local\Temp\alejo_backup_h5jwy8dw
2025-06-30 23:52:42,882 - alejo.update_manager - ERROR - Error restoring backup: [WinError 32] The process cannot access the file because it is being used by another process: 'C:\\Users\\magic\\CascadeProjects\\ALEJO\\alejo_update.log'
2025-07-01 18:54:44,161 - alejo_production - INFO - ==================================================
2025-07-01 18:54:44,161 - alejo_production - INFO - ALEJO PRODUCTION STARTUP WITH GESTURE SYSTEM
2025-07-01 18:54:44,161 - alejo_production - INFO - ==================================================
2025-07-01 18:54:44,161 - alejo_production - INFO - Checking for ALEJO updates...
2025-07-01 18:54:44,179 - alejo.update_manager - INFO - Checking for ALEJO updates
2025-07-01 18:54:45,603 - alejo.update_manager - INFO - Update available: 6f2b524 -> 2511df5
2025-07-01 18:54:45,603 - alejo.update_manager - INFO - Applying update automatically
2025-07-01 18:54:45,604 - alejo.update_manager - INFO - Backing up current ALEJO installation to C:\Users\magic\AppData\Local\Temp\alejo_backup_jt8teas9
2025-07-01 18:54:45,987 - alejo.update_manager - INFO - Pulling latest changes from repository
2025-07-01 18:54:46,454 - alejo.update_manager - ERROR - Error pulling updates: From https://github.com/apintodesignco/ALEJO
 * branch            main       -> FETCH_HEAD
fatal: refusing to merge unrelated histories

2025-07-01 18:54:46,455 - alejo.update_manager - INFO - Restoring ALEJO from backup C:\Users\magic\AppData\Local\Temp\alejo_backup_jt8teas9
2025-07-01 18:54:46,457 - alejo.update_manager - ERROR - Error restoring backup: [WinError 32] The process cannot access the file because it is being used by another process: 'C:\\Users\\magic\\CascadeProjects\\ALEJO\\alejo_update.log'
2025-07-01 18:54:46,457 - alejo_production - ERROR - Update process encountered errors. Starting with current version.
2025-07-01 18:54:46,458 - alejo_production - INFO - Setting up environment variables...
2025-07-01 18:54:46,458 - alejo_production - INFO - Environment variables set
2025-07-01 18:54:46,458 - alejo_production - INFO - Starting local services...
2025-07-01 18:54:46,458 - alejo_production - INFO - Starting Redis...
2025-07-01 18:54:46,540 - alejo_production - ERROR - Failed to start ALEJO services. Please check the logs for details.
2025-07-01 18:56:18,073 - alejo_production - INFO - ==================================================
2025-07-01 18:56:18,073 - alejo_production - INFO - ALEJO PRODUCTION STARTUP WITH GESTURE SYSTEM
2025-07-01 18:56:18,073 - alejo_production - INFO - ==================================================
2025-07-01 18:56:18,073 - alejo_production - INFO - Setting up environment variables...
2025-07-01 18:56:18,074 - alejo_production - INFO - Environment variables set
2025-07-01 18:56:18,074 - alejo_production - INFO - Starting local services...
2025-07-01 18:56:18,074 - alejo_production - INFO - Starting Redis...
2025-07-01 18:56:18,078 - alejo_production - ERROR - Failed to start ALEJO services. Please check the logs for details.
2025-07-01 20:15:45,916 - alejo_production - INFO - ==================================================
2025-07-01 20:15:45,916 - alejo_production - INFO - ALEJO PRODUCTION STARTUP WITH GESTURE SYSTEM
2025-07-01 20:15:45,916 - alejo_production - INFO - ==================================================
2025-07-01 20:15:45,916 - alejo_production - INFO - Setting up environment variables...
2025-07-01 20:15:45,916 - alejo_production - INFO - Environment variables set
2025-07-01 20:15:45,916 - alejo_production - INFO - Starting local services...
2025-07-01 20:15:45,916 - alejo_production - INFO - Starting Redis...
2025-07-01 20:15:45,921 - alejo_production - ERROR - Failed to start ALEJO services. Please check the logs for details.
2025-07-01 20:16:28,770 - alejo_production - INFO - ==================================================
2025-07-01 20:16:28,770 - alejo_production - INFO - ALEJO PRODUCTION STARTUP WITH GESTURE SYSTEM
2025-07-01 20:16:28,770 - alejo_production - INFO - ==================================================
2025-07-01 20:16:28,770 - alejo_production - INFO - Setting up environment variables...
2025-07-01 20:16:28,770 - alejo_production - INFO - Environment variables set
2025-07-01 20:16:28,770 - alejo_production - INFO - Starting local services...
2025-07-01 20:16:28,770 - alejo_production - INFO - Starting Redis...
2025-07-01 20:16:28,811 - alejo_production - INFO - Starting gesture system...
2025-07-01 20:16:36,130 - alejo_production - INFO - Starting main ALEJO system...
2025-07-01 20:16:43,447 - alejo_production - ERROR - Failed to start ALEJO services. Please check the logs for details.
2025-07-01 20:24:45,903 - alejo_production - INFO - ==================================================
2025-07-01 20:24:45,903 - alejo_production - INFO - ALEJO PRODUCTION STARTUP WITH GESTURE SYSTEM
2025-07-01 20:24:45,903 - alejo_production - INFO - ==================================================
2025-07-01 20:24:45,903 - alejo_production - INFO - Checking for ALEJO updates...
2025-07-01 20:24:45,903 - alejo.update_manager - INFO - Checking for ALEJO updates
2025-07-01 20:24:46,383 - alejo.update_manager - INFO - Update available: 6f2b524 -> 2511df5
2025-07-01 20:24:46,383 - alejo.update_manager - INFO - Applying update automatically
2025-07-01 20:24:46,384 - alejo.update_manager - INFO - Backing up current ALEJO installation to C:\Users\magic\AppData\Local\Temp\alejo_backup_0pdca_37
2025-07-01 20:24:50,655 - alejo.update_manager - INFO - Pulling latest changes from repository
2025-07-01 20:24:51,110 - alejo.update_manager - ERROR - Error pulling updates: From https://github.com/apintodesignco/ALEJO
 * branch            main       -> FETCH_HEAD
fatal: refusing to merge unrelated histories

2025-07-01 20:24:51,110 - alejo.update_manager - INFO - Restoring ALEJO from backup C:\Users\magic\AppData\Local\Temp\alejo_backup_0pdca_37
2025-07-01 20:24:51,112 - alejo.update_manager - ERROR - Error restoring backup: [WinError 32] The process cannot access the file because it is being used by another process: 'C:\\Users\\magic\\CascadeProjects\\ALEJO\\alejo_update.log'
2025-07-01 20:24:51,112 - alejo_production - ERROR - Update process encountered errors. Starting with current version.
2025-07-01 20:24:51,112 - alejo_production - INFO - Setting up environment variables...
2025-07-01 20:24:51,112 - alejo_production - INFO - Environment variables set
2025-07-01 20:24:51,112 - alejo_production - INFO - Starting local services...
2025-07-01 20:24:51,112 - alejo_production - INFO - Starting Redis...
2025-07-01 20:24:51,155 - alejo_production - INFO - Starting gesture system...
2025-07-01 20:24:58,457 - alejo_production - INFO - Starting main ALEJO system...
2025-07-01 20:25:05,749 - alejo_production - ERROR - Failed to start ALEJO services. Please check the logs for details.
2025-07-01 20:26:26,462 - alejo_production - INFO - ==================================================
2025-07-01 20:26:26,462 - alejo_production - INFO - ALEJO PRODUCTION STARTUP WITH GESTURE SYSTEM
2025-07-01 20:26:26,462 - alejo_production - INFO - ==================================================
2025-07-01 20:26:26,462 - alejo_production - INFO - Checking for ALEJO updates...
2025-07-01 20:26:26,463 - alejo.update_manager - INFO - Checking for ALEJO updates
2025-07-01 20:26:26,939 - alejo.update_manager - INFO - Update available: 6f2b524 -> 2511df5
2025-07-01 20:26:26,939 - alejo.update_manager - INFO - Applying update automatically
2025-07-01 20:26:26,940 - alejo.update_manager - INFO - Backing up current ALEJO installation to C:\Users\magic\AppData\Local\Temp\alejo_backup_6lzml3ls
2025-07-01 20:26:28,696 - alejo.update_manager - INFO - Pulling latest changes from repository
2025-07-01 20:26:29,138 - alejo.update_manager - ERROR - Error pulling updates: From https://github.com/apintodesignco/ALEJO
 * branch            main       -> FETCH_HEAD
fatal: refusing to merge unrelated histories

2025-07-01 20:26:29,138 - alejo.update_manager - INFO - Restoring ALEJO from backup C:\Users\magic\AppData\Local\Temp\alejo_backup_6lzml3ls
2025-07-01 20:26:29,139 - alejo.update_manager - ERROR - Error restoring backup: [WinError 32] The process cannot access the file because it is being used by another process: 'C:\\Users\\magic\\CascadeProjects\\ALEJO\\alejo_update.log'
2025-07-01 20:26:29,139 - alejo_production - ERROR - Update process encountered errors. Starting with current version.
2025-07-01 20:26:29,139 - alejo_production - INFO - Setting up environment variables...
2025-07-01 20:26:29,140 - alejo_production - INFO - Environment variables set
2025-07-01 20:26:29,140 - alejo_production - INFO - Starting local services...
2025-07-01 20:26:29,140 - alejo_production - INFO - Starting Redis...
2025-07-01 20:26:29,171 - alejo_production - INFO - Starting main ALEJO system...
2025-07-01 20:26:36,472 - alejo_production - ERROR - Failed to start ALEJO services. Please check the logs for details.
2025-07-01 20:26:40,422 - alejo_production - INFO - ==================================================
2025-07-01 20:26:40,422 - alejo_production - INFO - ALEJO PRODUCTION STARTUP WITH GESTURE SYSTEM
2025-07-01 20:26:40,423 - alejo_production - INFO - ==================================================
2025-07-01 20:26:40,423 - alejo_production - INFO - Setting up environment variables...
2025-07-01 20:26:40,423 - alejo_production - INFO - Environment variables set
2025-07-01 20:26:40,423 - alejo_production - INFO - Starting local services...
2025-07-01 20:26:40,423 - alejo_production - INFO - Starting Redis...
2025-07-01 20:26:40,459 - alejo_production - INFO - Starting main ALEJO system...
2025-07-01 20:26:47,770 - alejo_production - ERROR - Failed to start ALEJO services. Please check the logs for details.
2025-07-01 20:26:53,216 - alejo_production - INFO - ==================================================
2025-07-01 20:26:53,216 - alejo_production - INFO - ALEJO PRODUCTION STARTUP WITH GESTURE SYSTEM
2025-07-01 20:26:53,217 - alejo_production - INFO - ==================================================
2025-07-01 20:26:53,217 - alejo_production - INFO - Setting up environment variables...
2025-07-01 20:26:53,217 - alejo_production - INFO - Environment variables set
2025-07-01 20:26:53,217 - alejo_production - INFO - Starting local services...
2025-07-01 20:26:53,217 - alejo_production - INFO - Starting Redis...
2025-07-01 20:26:53,261 - alejo_production - INFO - Starting gesture system...
2025-07-01 20:27:00,551 - alejo_production - INFO - Starting main ALEJO system...
2025-07-01 20:27:03,863 - alejo_production - INFO - Startup interrupted by user.
2025-07-01 20:27:04,651 - alejo_production - INFO - ==================================================
2025-07-01 20:27:04,652 - alejo_production - INFO - ALEJO PRODUCTION STARTUP WITH GESTURE SYSTEM
2025-07-01 20:27:04,652 - alejo_production - INFO - ==================================================
2025-07-01 20:27:04,652 - alejo_production - INFO - Setting up environment variables...
2025-07-01 20:27:04,652 - alejo_production - INFO - Environment variables set
2025-07-01 20:27:04,652 - alejo_production - INFO - Starting local services...
2025-07-01 20:27:04,652 - alejo_production - INFO - Starting Redis...
2025-07-01 20:27:04,686 - alejo_production - INFO - Starting main ALEJO system...
2025-07-01 20:27:11,987 - alejo_production - ERROR - Failed to start ALEJO services. Please check the logs for details.
2025-07-01 20:30:52,531 - alejo.update_manager - INFO - Checking for ALEJO updates
2025-07-01 20:30:52,999 - alejo.update_manager - INFO - Update available: 6f2b524 -> 2511df5
2025-07-01 20:30:52,999 - alejo.update_manager - INFO - Update available but not applying automatically
