2025-06-11 07:31:07,882 - __main__ - INFO - Starting ALEJO Performance Optimizer...
2025-06-11 07:31:07,882 - __main__ - INFO - Creating backups of files before optimization...
2025-06-11 07:31:07,888 - __main__ - INFO - Backups created in C:\Users\magic\CascadeProjects\ALEJO\backups\pre_optimization_20250611_073107
2025-06-11 07:31:07,888 - __main__ - INFO - Measuring startup time...
2025-06-11 07:31:08,119 - __main__ - ERROR - Error measuring startup time: type object 'Client' has no attribute 'reason'
2025-06-11 07:31:08,119 - __main__ - INFO - Measuring memory usage...
2025-06-11 07:31:08,214 - __main__ - ERROR - Error measuring memory usage: type object 'Client' has no attribute 'reason'
2025-06-11 07:31:08,216 - __main__ - INFO - Optimizing JavaScript files...
2025-06-11 07:31:08,216 - __main__ - INFO - Optimizing chat.js...
2025-06-11 07:31:08,217 - __main__ - INFO - Reduced chat.js by 34.3% (17.0 KB -> 11.1 KB)
2025-06-11 07:31:08,217 - __main__ - INFO - Optimizing holographic.js...
2025-06-11 07:31:08,217 - __main__ - INFO - Reduced holographic.js by 35.9% (12.2 KB -> 7.8 KB)
2025-06-11 07:31:08,217 - __main__ - INFO - Optimizing main.js...
2025-06-11 07:31:08,219 - __main__ - INFO - Reduced main.js by 77.1% (13.4 KB -> 3.1 KB)
2025-06-11 07:31:08,219 - __main__ - INFO - Optimizing vision.js...
2025-06-11 07:31:08,219 - __main__ - INFO - Reduced vision.js by 33.3% (15.7 KB -> 10.5 KB)
2025-06-11 07:31:08,221 - __main__ - INFO - Optimizing voice.js...
2025-06-11 07:31:08,221 - __main__ - INFO - Reduced voice.js by 34.2% (5.9 KB -> 3.9 KB)
2025-06-11 07:31:08,221 - __main__ - INFO - Processed 5 JavaScript files
2025-06-11 07:31:08,221 - __main__ - INFO - Total size reduction: 64.2 KB -> 36.4 KB
2025-06-11 07:31:08,221 - __main__ - INFO - Optimizing CSS files...
2025-06-11 07:31:08,221 - __main__ - INFO - Optimizing ALEJO-ui-fixed.css...
2025-06-11 07:31:08,222 - __main__ - INFO - Reduced ALEJO-ui-fixed.css by 26.5% (8.7 KB -> 6.4 KB)
2025-06-11 07:31:08,222 - __main__ - INFO - Optimizing ALEJO-ui.css...
2025-06-11 07:31:08,222 - __main__ - INFO - Reduced ALEJO-ui.css by 26.5% (8.7 KB -> 6.4 KB)
2025-06-11 07:31:08,224 - __main__ - INFO - Optimizing main.css...
2025-06-11 07:31:08,224 - __main__ - INFO - Reduced main.css by 25.6% (10.9 KB -> 8.1 KB)
2025-06-11 07:31:08,224 - __main__ - INFO - Processed 3 CSS files
2025-06-11 07:31:08,224 - __main__ - INFO - Total size reduction: 28.3 KB -> 20.9 KB
2025-06-11 07:31:08,224 - __main__ - INFO - Updating HTML templates to use optimized files...
2025-06-11 07:31:08,225 - __main__ - INFO - Updating index.html...
2025-06-11 07:31:08,226 - __main__ - INFO - Updated index.html
2025-06-11 07:31:08,226 - __main__ - INFO - Generating optimization report...
2025-06-11 07:31:08,226 - __main__ - INFO - Optimization report saved to C:\Users\magic\CascadeProjects\ALEJO\optimization_report.json
2025-06-11 07:31:08,226 - __main__ - INFO - Optimization Summary:
2025-06-11 07:31:08,226 - __main__ - INFO - JavaScript: 5 files optimized, 27.8 KB saved (43.3%)
2025-06-11 07:31:08,226 - __main__ - INFO - CSS: 3 files optimized, 7.4 KB saved (26.2%)
2025-06-11 07:31:08,226 - __main__ - INFO - Total: 35.2 KB saved (38.1%)
2025-06-11 07:31:08,228 - __main__ - INFO - ALEJO Performance Optimization complete!
2025-06-11 07:31:08,228 - __main__ - INFO - To use the original files, restore from the backup directory.
